<?xml version="1.0" encoding="UTF-8"?>
<!-- Generated by org.testng.reporters.JUnitXMLReporter -->
<testsuite hostname="DBS-NOTE-228" ignored="0" name="Default test" tests="8" failures="0" timestamp="2020-05-18T18:29:12 BRT" time="51.758" errors="0">
  <testcase name="deveAlterarTema" time="27.99" classname="com.grocerycrud.com.GroceryCrudTests"/>
  <testcase name="deveAbrirAddCostumer" time="7.627" classname="com.grocerycrud.com.GroceryCrudTests"/>
  <testcase name="deveCadastrarNome" time="0.544" classname="com.grocerycrud.com.GroceryCrudTests"/>
  <testcase name="deveCadastrarContato" time="0.614" classname="com.grocerycrud.com.GroceryCrudTests"/>
  <testcase name="deveCadastrarEndereco" time="0.949" classname="com.grocerycrud.com.GroceryCrudTests"/>
  <testcase name="deveCadastrarCreditInfo" time="0.827" classname="com.grocerycrud.com.GroceryCrudTests"/>
  <testcase name="deveCadastrarComSucesso" time="2.009" classname="com.grocerycrud.com.GroceryCrudTests"/>
  <testcase name="deveDeletarCustomer" time="9.917" classname="com.grocerycrud.com.GroceryCrudTests"/>
</testsuite> <!-- Default test -->
